Crashlog created at 2017-10-05 15:40:35 -0300

===== MESSAGE:

Sass::SyntaxError: File to import not found or unreadable: ./components/sections.scss.

===== ITEM BEING COMPILED:

Item identifier: /css/main.scss
Item rep name:   :default

===== STACK TRACE:

  0. /Volumes/BlackHole/Users/mauricio/projects/lupin-audit-pro/content/css/main.scss:13
  1. /Users/mauricio/.rvm/gems/ruby-2.3.0/gems/sass-3.5.2/lib/sass/tree/import_node.rb:67:in `rescue in import'
  2. /Users/mauricio/.rvm/gems/ruby-2.3.0/gems/sass-3.5.2/lib/sass/tree/import_node.rb:45:in `import'
  3. /Users/mauricio/.rvm/gems/ruby-2.3.0/gems/sass-3.5.2/lib/sass/tree/import_node.rb:28:in `imported_file'
  4. /Users/mauricio/.rvm/gems/ruby-2.3.0/gems/sass-3.5.2/lib/sass/tree/import_node.rb:37:in `css_import?'
  5. /Users/mauricio/.rvm/gems/ruby-2.3.0/gems/sass-3.5.2/lib/sass/tree/visitors/perform.rb:314:in `visit_import'
  6. /Users/mauricio/.rvm/gems/ruby-2.3.0/gems/sass-3.5.2/lib/sass/tree/visitors/base.rb:36:in `visit'
  7. /Users/mauricio/.rvm/gems/ruby-2.3.0/gems/sass-3.5.2/lib/sass/tree/visitors/perform.rb:162:in `block in visit'
  8. /Users/mauricio/.rvm/gems/ruby-2.3.0/gems/sass-3.5.2/lib/sass/stack.rb:79:in `block in with_base'
  9. /Users/mauricio/.rvm/gems/ruby-2.3.0/gems/sass-3.5.2/lib/sass/stack.rb:135:in `with_frame'
  10. /Users/mauricio/.rvm/gems/ruby-2.3.0/gems/sass-3.5.2/lib/sass/stack.rb:79:in `with_base'
  11. /Users/mauricio/.rvm/gems/ruby-2.3.0/gems/sass-3.5.2/lib/sass/tree/visitors/perform.rb:162:in `visit'
  12. /Users/mauricio/.rvm/gems/ruby-2.3.0/gems/sass-3.5.2/lib/sass/tree/visitors/base.rb:52:in `block in visit_children'
  13. /Users/mauricio/.rvm/gems/ruby-2.3.0/gems/sass-3.5.2/lib/sass/tree/visitors/base.rb:52:in `map'
  14. /Users/mauricio/.rvm/gems/ruby-2.3.0/gems/sass-3.5.2/lib/sass/tree/visitors/base.rb:52:in `visit_children'
  15. /Users/mauricio/.rvm/gems/ruby-2.3.0/gems/sass-3.5.2/lib/sass/tree/visitors/perform.rb:171:in `block in visit_children'
  16. /Users/mauricio/.rvm/gems/ruby-2.3.0/gems/sass-3.5.2/lib/sass/tree/visitors/perform.rb:183:in `with_environment'
  17. /Users/mauricio/.rvm/gems/ruby-2.3.0/gems/sass-3.5.2/lib/sass/tree/visitors/perform.rb:170:in `visit_children'
  18. /Users/mauricio/.rvm/gems/ruby-2.3.0/gems/sass-3.5.2/lib/sass/tree/visitors/base.rb:36:in `block in visit'
  19. /Users/mauricio/.rvm/gems/ruby-2.3.0/gems/sass-3.5.2/lib/sass/tree/visitors/perform.rb:190:in `visit_root'
  20. /Users/mauricio/.rvm/gems/ruby-2.3.0/gems/sass-3.5.2/lib/sass/tree/visitors/base.rb:36:in `visit'
  21. /Users/mauricio/.rvm/gems/ruby-2.3.0/gems/sass-3.5.2/lib/sass/tree/visitors/perform.rb:161:in `visit'
  22. /Users/mauricio/.rvm/gems/ruby-2.3.0/gems/sass-3.5.2/lib/sass/tree/visitors/perform.rb:10:in `visit'
  23. /Users/mauricio/.rvm/gems/ruby-2.3.0/gems/sass-3.5.2/lib/sass/tree/root_node.rb:36:in `css_tree'
  24. /Users/mauricio/.rvm/gems/ruby-2.3.0/gems/sass-3.5.2/lib/sass/tree/root_node.rb:20:in `render'
  25. /Users/mauricio/.rvm/gems/ruby-2.3.0/gems/sass-3.5.2/lib/sass/engine.rb:290:in `render'
  26. /Volumes/BlackHole/Users/mauricio/.rvm/gems/ruby-2.3.0/gems/nanoc-4.8.9/lib/nanoc/filters/sass.rb:22:in `run'
  27. /Volumes/BlackHole/Users/mauricio/.rvm/gems/ruby-2.3.0/gems/nanoc-4.8.9/lib/nanoc/base/services/filter.rb:152:in `setup_and_run'
  28. /Volumes/BlackHole/Users/mauricio/.rvm/gems/ruby-2.3.0/gems/nanoc-4.8.9/lib/nanoc/base/services/executor.rb:28:in `filter'
  29. /Volumes/BlackHole/Users/mauricio/.rvm/gems/ruby-2.3.0/gems/nanoc-4.8.9/lib/nanoc/base/services/compiler/phases/recalculate.rb:30:in `block in run'
  30. /Volumes/BlackHole/Users/mauricio/.rvm/gems/ruby-2.3.0/gems/nanoc-4.8.9/lib/nanoc/base/entities/action_sequence.rb:50:in `block in each'
  31. /Volumes/BlackHole/Users/mauricio/.rvm/gems/ruby-2.3.0/gems/nanoc-4.8.9/lib/nanoc/base/entities/action_sequence.rb:50:in `each'
  32. /Volumes/BlackHole/Users/mauricio/.rvm/gems/ruby-2.3.0/gems/nanoc-4.8.9/lib/nanoc/base/entities/action_sequence.rb:50:in `each'
  33. /Volumes/BlackHole/Users/mauricio/.rvm/gems/ruby-2.3.0/gems/nanoc-4.8.9/lib/nanoc/base/services/compiler/phases/recalculate.rb:27:in `run'
  34. /Volumes/BlackHole/Users/mauricio/.rvm/gems/ruby-2.3.0/gems/nanoc-4.8.9/lib/nanoc/base/services/compiler/phases/abstract.rb:13:in `call'
  35. /Volumes/BlackHole/Users/mauricio/.rvm/gems/ruby-2.3.0/gems/nanoc-4.8.9/lib/nanoc/base/services/compiler/phases/abstract.rb:15:in `block in call'
  36. /Volumes/BlackHole/Users/mauricio/.rvm/gems/ruby-2.3.0/gems/nanoc-4.8.9/lib/nanoc/base/services/compiler/phases/cache.rb:23:in `run'
  37. /Volumes/BlackHole/Users/mauricio/.rvm/gems/ruby-2.3.0/gems/nanoc-4.8.9/lib/nanoc/base/services/compiler/phases/abstract.rb:13:in `call'
  38. /Volumes/BlackHole/Users/mauricio/.rvm/gems/ruby-2.3.0/gems/nanoc-4.8.9/lib/nanoc/base/services/compiler/phases/abstract.rb:15:in `block in call'
  39. /Volumes/BlackHole/Users/mauricio/.rvm/gems/ruby-2.3.0/gems/nanoc-4.8.9/lib/nanoc/base/services/compiler/phases/resume.rb:14:in `block in run'

===== VERSION INFORMATION:

Nanoc 4.8.9 © 2007-2017 Denis Defreyne.
Running ruby 2.3.0 (2015-12-25) on x86_64-darwin16 with RubyGems 2.6.11.

===== SYSTEM INFORMATION:

Darwin Mauricios-iMac.local 16.1.0 Darwin Kernel Version 16.1.0: Wed Oct 19 20:31:56 PDT 2016; root:xnu-3789.21.4~4/RELEASE_X86_64 x86_64

===== INSTALLED GEMS:

  Platform 0.4.0
  abstract 1.0.0
  actioncable 5.0.1, 5.0.3, 5.1.3, 5.1.4
  actionmailer 3.2.22.4, 4.2.8, 4.2.9, 5.0.1, 5.0.3, 5.1.3, 5.1.4
  actionpack 3.2.22.4, 4.2.8, 4.2.9, 5.0.1, 5.0.3, 5.1.3, 5.1.4
  actionview 4.2.8, 4.2.9, 5.0.1, 5.0.3, 5.1.3, 5.1.4
  active_hash 0.9.10
  active_model_serializers 0.9.3, 0.10.6
  activejob 4.2.8, 4.2.9, 5.0.1, 5.0.3, 5.1.3, 5.1.4
  activemodel 3.2.22.4, 4.2.8, 4.2.9, 5.0.1, 5.0.3, 5.1.3, 5.1.4
  activerecord 3.2.22.4, 4.2.8, 4.2.9, 5.0.1, 5.0.3, 5.1.3, 5.1.4
  activeresource 3.2.22.4
  activesupport 3.2.22.4, 4.2.8, 4.2.9, 5.0.0.1, 5.0.1, 5.0.3, 5.1.3, 5.1.4
  addressable 2.3.5, 2.3.8, 2.5.1, 2.5.2
  adsf 1.2.1
  airbrussh 1.2.0
  andand 1.3.3
  arel 3.0.3, 6.0.4, 7.1.1, 7.1.4, 8.0.0
  autoprefixer-rails 6.4.0.1, 7.1.1.2, 7.1.2.4
  axiom-types 0.1.1
  bcrypt 3.1.11
  bcrypt-ruby 3.1.1
  better_errors 2.1.1, 2.3.0
  bigdecimal 1.2.8
  bindex 0.5.0
  blankslate 2.1.2.4
  bootstrap-sass 2.3.2.0, 3.3.7
  builder 3.0.4, 3.2.2, 3.2.3
  bundler 1.13.6, 1.14.6
  bundler-unload 1.0.2
  byebug 9.0.5, 9.0.6, 9.1.0
  cancan 1.6.8, 1.6.10
  capistrano 2.12.0, 2.15.9, 3.8.1
  capistrano_colors 0.5.5
  capybara 2.2.1, 2.13.0, 2.14.0, 2.15.1, 2.15.3
  capybara-screenshot 1.0.4, 1.0.14
  carrierwave 0.6.2, 1.1.0
  case_transform 0.2
  celluloid 0.15.2, 0.17.3
  celluloid-essentials 0.20.5
  celluloid-extras 0.20.5
  celluloid-fsm 0.20.5
  celluloid-pool 0.20.5
  celluloid-supervision 0.20.6
  childprocess 0.7.1, 0.8.0
  chronic 0.10.2
  chunky_png 1.3.5, 1.3.8
  ci_reporter 1.7.0, 2.0.0
  cliver 0.3.2
  coderay 1.1.0, 1.1.1
  coercible 1.0.0
  coffee-rails 3.2.2, 4.2.1, 4.2.2
  coffee-script 2.2.0, 2.4.1
  coffee-script-source 1.3.3, 1.12.2
  colored 1.2
  concurrent-ruby 1.0.2, 1.0.4, 1.0.5
  connection_pool 2.0.0, 2.2.0, 2.2.1
  couchrest 1.1.3, 2.0.0
  couchrest_model 1.1.2, 2.2.0.beta1
  countries 0.9.3, 2.0.8
  country_select 2.1.0, 3.0.0
  crass 1.0.2
  cri 2.9.1
  curb 0.8.8, 0.9.3
  currencies 0.4.2
  daemons 1.2.4
  data_uri 0.1.0
  database_cleaner 1.4.1, 1.5.3, 1.6.1
  ddplugin 1.0.1
  debug_inspector 0.0.2
  decent_decoration 0.0.6, 0.1.0
  decent_exposure 2.3.2, 3.0.2
  dependancy 0.0.6
  descendants_tracker 0.0.4
  devise 3.0.0, 4.2.0, 4.3.0
  did_you_mean 1.0.0
  diff-lcs 1.2.5, 1.3
  docile 1.1.5
  domain_name 0.5.20170404
  dotenv 1.0.2, 2.0.1, 2.2.1
  dotenv-rails 1.0.2, 2.0.1, 2.2.1
  draper 1.2.1, 2.1.0
  eco 1.0.0
  eco-source 1.1.0.rc.1
  elasticsearch 5.0.4
  elasticsearch-api 5.0.4
  elasticsearch-model 5.0.1
  elasticsearch-persistence 0.1.9
  elasticsearch-transport 5.0.4
  em-websocket 0.4.0, 0.5.1
  email_validator 1.4.0, 1.6.0
  enumerize 0.8.0, 2.1.1
  equalizer 0.0.9, 0.0.11
  erubi 1.6.1
  erubis 2.7.0
  eventmachine 1.0.7, 1.0.9.1, 1.2.3
  execjs 1.4.0, 2.7.0
  executable-hooks 1.3.2
  factory_girl 4.0.0, 4.8.0
  factory_girl_rails 4.0.0, 4.8.0
  faker 1.7.3, 1.8.4
  faraday 0.9.0, 0.9.2, 0.12.0.1, 0.12.1
  ffi 1.7.0, 1.9.14, 1.9.18
  font-awesome-rails 4.4.0.0, 4.7.0.2
  foreman 0.53.0, 0.82.0
  forgery 0.5.0, 0.6.0
  formatador 0.2.5
  gem-wrappers 1.2.7
  globalid 0.3.7, 0.4.0
  gon 4.0.0, 4.1.1
  googl 0.6.1, 0.7.1
  guard 1.6.1, 2.14.1
  guard-compat 1.2.1
  guard-livereload 1.1.3, 2.5.2
  hamster 3.0.0
  has_scope 0.5.1, 0.7.1
  hashdiff 0.3.4
  hashie 2.0.5, 3.4.4, 3.5.5
  headless 1.0.1, 2.3.1
  highline 1.6.13, 1.7.8
  hike 1.2.3
  hitimes 1.2.4
  http-cookie 1.0.3
  http_parser.rb 0.5.3, 0.6.0
  httparty 0.8.3, 0.14.0, 0.15.3, 0.15.6
  httpclient 2.8.3
  i18n 0.7.0, 0.8.4, 0.8.6
  i18n_data 0.7.0
  iStats 1.5.0
  ice_nine 0.11.1, 0.11.2
  inherited_resources 1.3.1, 1.7.2
  io-console 0.4.5
  jbuilder 0.4.3, 0.9.1, 2.6.1, 2.7.0
  journey 1.0.4
  jquery-rails 2.0.2, 4.2.2, 4.3.1
  json 1.8.3, 2.0.2, 2.1.0
  jsonapi-renderer 0.1.2
  jwt 1.5.4
  kaminari 0.13.0, 1.0.1
  kaminari-actionview 1.0.1
  kaminari-activerecord 1.0.1
  kaminari-core 1.0.1
  kgio 2.9.3, 2.11.0
  launchy 2.2.0, 2.4.3
  letter_opener 1.1.0, 1.4.1
  liquid 3.0.6
  listen 0.7.2, 3.0.8, 3.1.5
  loofah 2.0.3, 2.1.1
  lumberjack 1.0.2, 1.0.10, 1.0.12
  magic 0.2.6, 0.2.9
  mail 2.5.4, 2.6.4, 2.6.5, 2.6.6
  mailcatcher 0.6.5
  memor 0.2.1, 0.3.0
  metamagic 3.1.7
  method_source 0.8.2, 0.9.0
  mime-types 1.25.1, 2.99.3, 3.1
  mime-types-data 3.2016.0521
  mimemagic 0.2.1, 0.3.2
  mini_magick 3.4, 4.7.0
  mini_mime 0.1.3, 0.1.4
  mini_portile2 2.1.0, 2.2.0, 2.3.0
  minitest 5.8.3, 5.9.0, 5.10.1, 5.10.2, 5.10.3
  modernizr-rails 2.7.1
  money 6.9.0
  multi_json 1.12.1, 1.12.2
  multi_xml 0.5.1, 0.5.5, 0.6.0
  multipart-post 2.0.0
  nanoc 4.8.9
  nenv 0.3.0
  net-scp 1.0.4, 1.2.1
  net-sftp 2.0.5, 2.1.2
  net-ssh 2.5.2, 4.1.0
  net-ssh-gateway 1.1.0, 2.0.0
  net-telnet 0.1.1
  netrc 0.7.7, 0.11.0
  newrelic_rpm 3.6.9.171, 3.17.1.326, 4.1.0.333
  nio4r 1.2.1, 2.1.0
  nokogiri 1.5.9, 1.7.0.1, 1.7.1, 1.8.0, 1.8.1
  non-stupid-digest-assets 1.0.9
  notiffany 0.1.1
  oj 2.0.7, 3.0.8
  omniauth 1.3.1
  orm_adapter 0.4.0, 0.5.0
  paranoia 2.3.1
  parseconfig 1.0.8
  passenger 5.0.20, 5.1.4, 5.1.8
  pg 0.18.2, 0.18.4, 0.19.0, 0.20.0, 0.21.0
  pkg-config 1.1.7
  poltergeist 1.5.0, 1.14.0, 1.15.0, 1.16.0
  polyglot 0.3.5
  postgres-pr 0.6.3
  power_assert 0.2.3, 0.2.6, 0.3.1, 1.0.2
  progressbar 0.11.0, 1.8.2
  pry 0.9.12.3, 0.10.4
  pry-rails 0.3.2, 0.3.6
  psych 2.0.17
  public_suffix 2.0.5, 3.0.0
  puma 3.6.0, 3.6.2, 3.8.2, 3.9.1, 3.10.0
  quiet_assets 1.0.1, 1.1.0
  rack 1.4.7, 1.6.5, 1.6.8, 2.0.1, 2.0.3
  rack-cache 1.6.1
  rack-cors 0.4.0, 0.4.1, 1.0.1
  rack-mini-profiler 0.9.7, 0.10.2
  rack-protection 1.5.0, 1.5.3, 2.0.0
  rack-ssl 1.3.4
  rack-test 0.6.3, 0.7.0
  rails 3.2.22.4, 4.2.8, 4.2.9, 5.0.1, 5.0.3, 5.1.3, 5.1.4
  rails-deprecated_sanitizer 1.0.3
  rails-dom-testing 1.0.8, 2.0.2, 2.0.3
  rails-html-sanitizer 1.0.3
  rails-observers 0.1.2
  rails_view_annotator 0.0.7, 0.0.10
  railties 3.2.22.4, 4.2.8, 4.2.9, 5.0.1, 5.0.3, 5.1.3, 5.1.4
  raindrops 0.13.0, 0.18.0
  rake 10.4.2, 11.2.2, 12.0.0, 12.1.0
  rb-fsevent 0.9.7, 0.9.8, 0.10.2
  rb-inotify 0.9.7, 0.9.8, 0.9.9, 0.9.10
  rdoc 3.12.2, 4.2.1
  recaptcha 3.3.0, 4.3.1
  redis 3.0.7, 3.3.1, 3.3.3
  redis-actionpack 3.2.3, 5.0.1
  redis-activesupport 3.2.3, 5.0.2
  redis-namespace 1.4.1, 1.5.3
  redis-rack 1.4.2, 2.0.2
  redis-rails 3.2.3, 5.0.2
  redis-store 1.1.3, 1.3.0
  ref 2.0.0
  request_store 1.0.5, 1.2.0, 1.3.2
  responders 0.9.2, 2.3.0, 2.4.0
  rest-client 1.6.7, 1.8.0
  rest_client 1.7.3
  rollbar 2.14.1, 2.15.0
  rqrcode 0.8.2
  rqrcode-rails3 0.1.5, 0.1.7
  rspec 2.14.1
  rspec-core 2.14.8, 3.5.4, 3.6.0
  rspec-expectations 2.14.5, 3.5.0, 3.6.0
  rspec-mocks 2.14.6, 3.5.0, 3.6.0
  rspec-rails 2.14.1, 3.5.2, 3.6.0
  rspec-spies 2.1.4
  rspec-support 3.5.0, 3.6.0
  rspec_junit_formatter 0.3.0
  ruby-ole 1.2.12, 1.2.12.1
  ruby-prof 0.15.9, 0.16.2
  ruby_dep 1.5.0
  rubygems-bundler 1.4.4
  rubygems-update 2.6.11
  rubyzip 1.2.1
  rvm 1.11.3.9
  sass 3.2.9, 3.4.22, 3.4.23, 3.5.1, 3.5.2
  sass-listen 4.0.0
  sass-rails 3.2.6, 5.0.6
  scss_lint 0.53.0
  selenium-webdriver 3.4.4, 3.6.0
  sentry-raven 0.7.1, 2.4.0
  sequel 3.38.0, 4.46.0
  shellany 0.0.1
  sidekiq 2.17.6, 4.2.10, 5.0.0, 5.0.4
  sidekiq-status 0.4.0, 0.6.0
  simple_form 2.0.2, 3.4.0, 3.5.0
  simplecov 0.10.0, 0.14.1
  simplecov-html 0.10.0
  sinatra 1.3.6, 1.4.8
  sixarm_ruby_unaccent 1.1.1
  skinny 0.2.4
  slackistrano 0.0.11, 3.1.1
  slim 1.2.2, 3.0.6, 3.0.8
  slim-rails 1.0.3, 3.0.1, 3.1.2
  slop 3.4.7, 3.6.0
  sort_alphabetical 1.1.0
  sparkr 0.4.1
  spreadsheet 1.1.3, 1.1.4
  spring 1.7.2, 2.0.0, 2.0.2
  spring-watcher-listen 2.0.1
  sprockets 2.2.3, 3.7.0, 3.7.1
  sprockets-rails 3.2.0, 3.2.1
  sqlite3 1.3.13
  sshkit 1.13.1
  strong_parameters 0.2.3
  subexec 0.2.2
  temple 0.4.0, 0.7.6, 0.8.0
  test-unit 3.0.9, 3.1.5, 3.2.2, 3.2.3
  thin 1.5.1
  thor 0.19.1, 0.19.4, 0.20.0
  thread_safe 0.3.4, 0.3.5, 0.3.6
  tilt 1.3.7, 1.4.1, 2.0.5, 2.0.7, 2.0.8
  timers 1.1.0, 4.1.2
  treetop 1.4.15, 1.6.8
  turbolinks 5.0.1
  turbolinks-source 5.0.0, 5.0.3
  tzinfo 0.3.51, 1.2.2, 1.2.3
  uglifier 1.2.7, 3.0.2, 3.0.4, 3.2.0
  unf 0.1.4
  unf_ext 0.0.7.4
  unicode_utils 1.4.0
  unicorn 4.8.3, 5.3.0
  uuidtools 2.1.4
  virtus 1.0.4, 1.0.5
  vuejs-rails 2.3.2
  warden 1.2.3, 1.2.6, 1.2.7
  web-console 3.4.0, 3.5.1
  websocket-driver 0.3.2, 0.6.4, 0.6.5
  websocket-extensions 0.1.2
  whenever 0.9.2, 0.9.5
  xpath 2.0.0, 2.1.0
  zeroclipboard-rails 0.0.12, 0.1.2

===== LOAD PATHS:

  0. /Users/mauricio/.rvm/gems/ruby-2.3.0/gems/ref-2.0.0/lib
  1. /Users/mauricio/.rvm/gems/ruby-2.3.0@global/gems/did_you_mean-1.0.0/lib
  2. /Users/mauricio/.rvm/gems/ruby-2.3.0@global/gems/executable-hooks-1.3.2/lib
  3. /Users/mauricio/.rvm/gems/ruby-2.3.0@global/extensions/x86_64-darwin-16/2.3.0/executable-hooks-1.3.2
  4. /Users/mauricio/.rvm/gems/ruby-2.3.0@global/gems/bundler-unload-1.0.2/lib
  5. /Users/mauricio/.rvm/gems/ruby-2.3.0@global/gems/rubygems-bundler-1.4.4/lib
  6. /Users/mauricio/.rvm/gems/ruby-2.3.0/gems/bundler-1.14.6/lib
  7. /Users/mauricio/.rvm/gems/ruby-2.3.0/gems/colored-1.2/lib
  8. /Users/mauricio/.rvm/gems/ruby-2.3.0/gems/cri-2.9.1/lib
  9. /Users/mauricio/.rvm/gems/ruby-2.3.0/gems/hamster-3.0.0/lib
  10. /Users/mauricio/.rvm/gems/ruby-2.3.0/gems/ref-2.0.0/lib
  11. /Users/mauricio/.rvm/gems/ruby-2.3.0/gems/ddplugin-1.0.1/lib
  12. /Users/mauricio/.rvm/gems/ruby-2.3.0/gems/nanoc-4.8.9/lib
  13. /Users/mauricio/.rvm/gems/ruby-2.3.0/gems/concurrent-ruby-1.0.5/lib
  14. /Users/mauricio/.rvm/gems/ruby-2.3.0/gems/addressable-2.5.2/lib
  15. /Users/mauricio/.rvm/gems/ruby-2.3.0/gems/public_suffix-3.0.0/lib
  16. /Users/mauricio/.rvm/gems/ruby-2.3.0/gems/sass-listen-4.0.0/lib
  17. /Users/mauricio/.rvm/gems/ruby-2.3.0/gems/sass-3.5.2/lib
  18. /Users/mauricio/.rvm/rubies/ruby-2.3.0/lib/ruby/site_ruby/2.3.0
  19. /Users/mauricio/.rvm/rubies/ruby-2.3.0/lib/ruby/site_ruby/2.3.0/x86_64-darwin16
  20. /Users/mauricio/.rvm/rubies/ruby-2.3.0/lib/ruby/site_ruby
  21. /Users/mauricio/.rvm/rubies/ruby-2.3.0/lib/ruby/vendor_ruby/2.3.0
  22. /Users/mauricio/.rvm/rubies/ruby-2.3.0/lib/ruby/vendor_ruby/2.3.0/x86_64-darwin16
  23. /Users/mauricio/.rvm/rubies/ruby-2.3.0/lib/ruby/vendor_ruby
  24. /Users/mauricio/.rvm/rubies/ruby-2.3.0/lib/ruby/2.3.0
  25. /Users/mauricio/.rvm/rubies/ruby-2.3.0/lib/ruby/2.3.0/x86_64-darwin16
